Waf: Entering directory `/home/speagle/rapidnet_v1.0/build'
[  1/371] cxx: examples/hyper-text-class-query-test.cc -> build/debug/examples/hyper-text-class-query-test_64.o
[371/371] cxx_link: build/debug/examples/hyper-text-class-query-test_64.o -> build/debug/examples/hyper-text-class-query-test
Waf: Leaving directory `/home/speagle/rapidnet_v1.0/build'
'build' finished successfully (4.066s)
35724
Student
Faculty
Staff
ResearchProject
Course
Department
Person
Application Started at 0ns
Application Started at 0ns
Application Started at 0ns
Application Started at 0ns
299395751
299395953
299396101
299396243
299396386
299396527
299396666
362933698
362933878
362934019
362934157
362934295
362934433
362934571
364248977
364249147
364249286
364249422
364249559
364249694
364249830
365576802
365576972
365577111
365577247
365577383
365577519
365577654
384775461
384775643
384775782
384775918
384776053
384776188
384776323
799245213
799245401
799245540
799245677
799245823
799245961
799246098
1633389021
1633389217
1633389359
1633389498
1633389636
1633389775
1633389912
1638493246
1638493436
1638493574
1638493709
1638493847
1638493982
1638494117
1643599889
1643600095
1643600260
1643600413
1643600549
1643600684
1643600818
1659813749
1659813934
1659814073
1659814210
1659814345
1659814480
1659814615
1725885245
1725885443
1725885585
1725888180
1725888327
1725888470
1725888611
3043683759
3043683956
3043684098
3043684238
3043684377
3043684515
3043684652
3087092143
3087092338
3087092477
3087092612
3087092748
3087092883
3087093018
3136787428
3136787617
3136787755
3136787892
3136788028
3136788163
3136788298
3145581725
3145581914
3145582053
3145582189
3145582325
3145582461
3145582596
4846558335
4846558534
4846558676
4846558815
4846558953
4846559091
4846559228
4867839712
4867839906
4867840045
4867840182
4867840319
4867840464
4867840602
4886328593
4886328790
4886328930
4886329067
4886329203
4886329338
4886329472
5056693650
5056693849
5056693992
5056694130
5056694279
5056694418
5056694557
5281880980
5281881178
5281881331
5281881473
5281881612
5281881751
5281881889
5360923155
5360923358
5360923500
5360923637
5360923774
5360923910
5360924046
8765898055
8765898257
8765898399
8765898539
8765898678
8765898817
8765898955
8824328925
8824329119
8824329258
8824329395
8824329531
8824329666
8824329801
8891449366
8891449562
8891449699
8891449835
8891449970
8891450105
8891450241
11791941750
11791941960
11791942103
11791942244
11791942383
11791942523
11791942661
11826418763
11826418964
11826419104
11826419241
11826419378
11826419515
11826419650
11873136793
11873136991
11873137131
11873137269
11873137404
11873137540
11873137676
12044554633
12044554832
12044554971
12044555107
12044555242
12044555377
12044555511
12111469708
12111469900
12111470040
12111470176
12111470312
12111470448
12111470582
12127181071
12127181263
12127181402
12127181539
12127181676
12127181811
12127181947
12275941866
12275942074
12275942216
12275942353
12275942489
12275942624
12275942758
12445882292
12445883128
12445883273
12445883421
12445883564
12445883704
12445883842
12461716329
12461716521
12461716660
12461716797
12461716933
12461717069
12461717204
12630359704
12630359899
12630360044
12630360182
12630360318
12630360453
12630360587
12646425869
12646426059
12646426199
12646426335
12646426471
12646426607
12646426743
12677591568
12677591804
12677591978
12677592150
12677592320
12677592490
12677592660
12896802601
12896802800
12896802941
12896803078
12896803214
12896803350
12896803486
12970311296
12970311495
12970311635
12970311772
12970311909
12970312044
12970312180
15775551123
15775551335
15775551477
15775551616
15775551754
15775551898
15775552038
15812930942
15812931144
15812931284
15812931421
15812931558
15812931694
15812931830
15868034786
15868034990
15868035129
15868035267
15868035403
15868035538
15868035674
15888925301
15888925519
15888925673
15888925833
15888925969
15888926105
15888926241
15943522893
15943523093
15943523233
15943523369
15943523506
15943523642
15943523778
16019928108
16019928310
16019928450
16019928586
16019928722
16019928858
16019929003
16100633948
16100634145
16100634286
16100634426
16100634577
16100634725
16100634863
16158637662
16158637857
16158637997
16158638142
16158638282
16158638418
16158638554
16179864334
16179864543
16179864684
16179864822
16179864959
16179865095
16179865230
16198195224
16198195426
16198195565
16198195703
16198195840
16198195976
16198196114
16236396080
16236396284
16236396424
16236396561
16236396697
16236396832
16236396968
16257655351
16257655549
16257655689
16257655826
16257655962
16257656098
16257656235
16298805203
16298805401
16298805540
16298805677
16298805814
16298805951
16298806087
16337206984
16337207185
16337207326
16337207463
16337207599
16337207735
16337207872
16532453647
16532453845
16532453984
16532454120
16532454255
16532454389
16532454524
19865806701
19865806915
19865807057
19865807203
19865807359
19865807499
19865807637
19889138056
19889138257
19889138396
19889138532
19889138668
19889138804
19889138940
19934592422
19934592621
19934592761
19934592900
19934593036
19934593173
19934593310
19992883028
19992883229
19992883370
19992883506
19992883642
19992883779
19992883914
30121155397
30121155635
30121155821
30121155980
30121156119
30121156258
30121156396
30291283800
30291284009
30291284150
30291284296
30291284434
30291284570
30291284705
30503898494
30503898699
30503898839
30503898977
30503899111
30503899248
30503899383
30560335245
30560335452
30560335593
30560335731
30560335868
30560336005
30560336141
30616864984
30616865188
30616865329
30616865468
30616865603
30616865740
30616865875
30646022938
30646023146
30646023286
30646023424
30646023560
30646023695
30646023830
30694825288
30694825491
30694825633
30694825771
30694825908
30694826046
30694826181
30771347574
30771347781
30771347922
30771348060
30771348197
30771348333
30771348470
30800563570
30800563777
30800563917
30800564055
30800564192
30800564329
30800564465
30829810177
30829810383
30829810524
30829810662
30829810798
30829810933
30829811068
30859039164
30859039391
30859039533
30859039671
30859039808
30859039944
30859040079
31075694752
31075694961
31075695103
31075695240
31075695376
31075695512
31075695647
31254362841
31254363050
31254363190
31254363328
31254363463
31254363598
31254363733
31416493123
31416493330
31416493472
31416493609
31416493745
31416493881
31416494016
31465996444
31465996651
31465996791
31465996929
31465997065
31465997202
31465997338
31523413410
31523413613
31523413753
31523413890
31523414027
31523414163
31523414308
31741578281
31741578482
31741578625
31741578761
31741578898
31741579034
31741579170
37647973356
37647977664
37647977811
37647977952
37647978093
37647978232
37647978379
37675697427
37675697658
37675697800
37675697937
37675698073
37675698210
37675698345
38243144617
38243155893
38243167135
38243167560
38243167703
38243167843
38243167983
38271169145
38271169404
38271169556
38271169694
38271169830
38271169966
38271170102
38299340031
38299340298
38299340440
38299340577
38299340713
38299340849
38299340985
38362832963
38362833174
38362833314
38362833452
38362833588
38362833723
38362833859
38771393206
38771404499
38771405295
38771405439
38771405579
38771405719
38771405858
39213982784
39213994044
39213996477
39213996619
39213996759
39213996898
39213997037
39333759984
39333771244
39333774655
39333774799
39333774940
39333775080
39333775219
39470158545
39470158793
39470158936
39470159073
39470159209
39470159345
39470159480
39561994450
39561994657
39561994800
39561994942
39561995079
39561995216
39561995361
39885959909
39885964421
39885964566
39885964706
39885964846
39885964986
39885965125
40032742036
40032742247
40032742388
40032742525
40032742662
40032742797
40032742932
40253332543
40253332899
40253333042
40253333179
40253333317
40253333454
40253333589
54824254539
54824263679
54824263831
54824263971
54824264110
54824264250
54824264388
54895050210
54895050446
54895050592
54895050730
54895050865
54895051001
54895051136
56184561115
56184561359
56184561504
56184561643
56184572984
56184585370
56184588210
56261518393
56261518634
56261518778
56261518916
56261519053
56261519190
56261519326
56518401072
56518401339
56518401493
56518401647
56518401791
56518401930
56518402065
56666797556
56666797801
56666797961
56666798100
56666798237
56666798373
56666798511
57365861190
57365870553
57365871178
57365871320
57365880663
57365892101
57365899311
57400212302
57400212606
57400212753
57400212889
57400213026
57400213162
57400213296
58716865668
58716877118
58716888603
58716900085
58716911576
58716913032
58716913174
59045545300
59045545577
59045545722
59045545859
59045545994
59045546130
59045546266
59384644128
59384644376
59384644521
59384644658
59384644795
59384644932
59384645067
59654404733
59654404974
59654405116
59654405254
59654405389
59654405525
59654405659
67447955369
67447960455
67447960600
67447960742
67447960883
67447961022
67447961161
68211696317
68211704727
68211707846
68211713102
68211724622
68211736139
68211738525
68255155351
68255155704
68255155851
68255155988
68255156124
68255156261
68255156396
68334599007
68334599250
68334599396
68334599534
68334599670
68334599807
68334599944
68366450708
68366451059
68366451207
68366451354
68366451492
68366451628
68366451763
68536052159
68536052407
68536052551
68536052689
68536052825
68536052961
68536053097
68796251251
68796251484
68796251628
68796251765
68796251901
68796252037
68796252173
68840136967
68840137243
68840137391
68840137528
68840137664
68840137800
68840137936
68884097181
68884097547
68884097706
68884097846
68884097983
68884098119
68884098256
68928076555
68928076799
68928076948
68928077093
68928077233
68928077370
68928077507
68972073700
68972073941
68972074089
68972074228
68972074364
68972074500
68972074636
69010100716
69010101082
69010101232
69010101370
69010101506
69010101643
69010101779
69126234044
69126234295
69126234440
69126234576
69126234713
69126234849
69126234985
76945259463
76945269549
76945279146
76945290680
76945293608
76945293751
76945293891
77035911754
77035912037
77035912182
77035912322
77035912460
77035912597
77035912735
77197142709
77197142963
77197143106
77197143245
77197143381
77197143517
77197143654
77243962521
77243962972
77243963134
77243963275
77243963412
77243963548
77243963685
77290538903
77290539376
77290539528
77290539667
77290539803
77290539940
77290540075
77337277138
77337277609
77337277759
77337277898
77337278035
77337278181
77337278320
77515110225
77515110559
77515110708
77515110849
77515110985
77515111121
77515111257
86556620186
86556620448
86556620591
86556620731
86556620871
86556621009
86556621147
86855491437
86855491688
86855491839
86855491980
86855492116
86855492251
86855492386
86923995549
86923995819
86923995967
86923996107
86923996244
86923996393
86923996531
87163165393
87163165734
87163165900
87163166042
87163166178
87163166314
87163166449
87206038345
87206038652
87206038805
87206038950
87206039087
87206039223
87206039358
87248824890
87248825351
87248825539
87248825682
87248825819
87248825956
87248826093
87298436122
87298436583
87298436762
87298436902
87298437039
87298437175
87298437311
87395352798
87395353122
87395353272
87395353413
87395353551
87395353688
87395353825
96463114468
96463125254
96463136013
96463145952
96463155245
96463157046
96463157189
96600494747
96600495072
96600495222
96600495363
96600495501
96600495638
96600495774
106189500861
106189512437
106189523162
106189533142
106189543681
106189553300
106189553450
106558944999
106558945248
106558945396
106558945539
106558945676
106558945813
106558945949
106613737754
106613738216
106613738442
106613738587
106613738724
106613738860
106613738996
106946823251
106946823614
106946823778
106946823929
106946824068
106946824205
106946824342
107086483361
107086483713
107086483862
107086484013
107086484153
107086484290
107086484428
107194625272
107194625618
107194625768
107194625913
107194626050
107194626186
107194626323
107249509914
107249510211
107249510424
107249510570
107249510707
107249510845
107249510981
107296930398
107296930875
107296931090
107296931235
107296931372
107296931509
107296931645
107389430206
107389430562
107389430710
107389430854
107389430992
107389431128
107389431276
107595397327
107595397658
107595397809
107595397950
107595398088
107595398225
107595398361
107740948377
107740948726
107740948871
107740949023
107740949162
107740949299
107740949435
107878971046
107878971407
107878971552
107878971707
107878971845
107878971983
107878972118
108236898413
108236898664
108236898811
108236898953
108236899089
108236899226
108236899362
108344896521
108344896890
108344897043
108344897188
108344897331
108344897468
108344897604
108452940564
108452940915
108452941063
108452941206
108452941343
108452941479
108452941616
108591453429
108591453794
108591453943
108591454087
108591454225
108591454362
108591454497
109089480010
109089481373
109089481753
109089481896
109089482032
109089482172
109089482308
118818109023
118818120172
118818130765
118818140244
118818151030
118818161131
118818168776
129864431422
129864441755
129864452881
129864463067
129864473602
129864482461
129864492256
130122820309
130122821021
130122821255
130122821399
130122821538
130122821675
130122821815
130323557971
130323558456
130323558685
130323558840
130323558980
130323559117
130323559252
130375628504
130375628956
130375629237
130375629399
130375629539
130375629676
130375629812
130485615709
130485616129
130485616318
130485616465
130485616606
130485616743
130485616879
130595699328
130595699751
130595699934
130595700077
130595700216
130595700362
130595700502
130705618622
130705619045
130705619230
130705619375
130705619514
130705619651
130705619788
130766067780
130766068034
130766068273
130766068451
130766068592
130766068728
130766068863
130818406984
130818407463
130818407739
130818407889
130818408028
130818408174
130818408313
130936950902
130936951330
130936951511
130936951668
130936951809
130936951946
130936952083
131413524610
131413524905
131413525081
131413525246
131413525387
131413525524
131413525660
131457697481
131457698115
131457698313
131457698461
131457698606
131457698742
131457698878
131869664125
131869665886
131869666895
131869667104
131869667246
131869667383
131869667519
132387436540
132387437787
132387438671
132387438819
132387438962
132387439099
132387439236
132448400577
132448401025
132448401312
132448401481
132448401621
132448401757
132448401892
132509245436
132509245694
132509245964
132509246122
132509246262
132509246399
132509246535
132562376111
132562376595
132562376913
132562377108
132562377272
132562377432
132562377592
132623648522
132623649002
132623649281
132623649446
132623649585
132623649723
132623649859
132743273067
132743273498
132743273678
132743273823
132743273962
132743274099
132743274235
132795962618
132795962872
132795963136
132795963297
132795963436
132795963573
132795963710
132966149128
132966149541
132966149703
132966149851
132966149991
132966150126
132966150262
133010603791
133010604246
133010604549
133010604706
133010604845
133010604982
133010605124
133315216837
133315217827
133315218901
133315219136
133315219279
133315219415
133315219551
133376360031
133376360276
133376360542
133376360698
133376360838
133376360974
133376361110
133437626096
133437626691
133437626991
133437627149
133437627288
133437627425
133437627561
136996660099
136996665425
136996676784
136996688189
136996699591
136996710987
136996722408
137058453966
137058454551
137058454824
137058455004
137058455144
137058455282
137058455418
137179885178
137179885603
137179885789
137179885934
137179886075
137179886212
137179886348
137335694731
137335695416
137335695610
137335695756
137335695895
137335696032
137335696168
137397897594
137397898062
137397898353
137397898516
137397898657
137397898794
137397898930
137451574544
137451575011
137451575303
137451575467
137451575606
137451575742
137451575878
137855523098
137855525067
137855525977
137855526125
137855526266
137855526403
137855526539
137917845138
137917845606
137917845893
137917846065
137917846203
137917846338
137917846474
138701143623
138701143878
138701144022
138701144163
138701144302
138701144441
138701144580
138763130550
138763130801
138763131057
138763131227
138763131368
138763131503
138763131639
138988906924
138988907327
138988907489
138988907634
138988907776
138988907914
138988908050
139197481997
139197482402
139197482587
139197482732
139197482872
139197483008
139197483145
139311512490
139311512926
139311513115
139311513259
139311513398
139311513534
139311513670
140386010128
140386010394
140386010536
140386010675
140386010815
140386010952
140386011090
140491574253
140491574694
140491574880
140491575028
140491575168
140491575305
140491575443
140554538275
140554538865
140554539154
140554539323
140554539465
140554539601
140554539737
140712609765
140712620695
140712632111
140712643415
140712651789
140712663263
140712669057
151888611716
151888622784
151888634186
151888645393
151888655298
151888665054
151888674804
151953535796
151953536050
151953536268
151953536471
151953536617
151953536753
151953536889
152064668133
152064668869
152064669102
152064669245
152064669388
152064669526
152064669664
152130165217
152130165664
152130165942
152130166131
152130166276
152130166414
152130166550
152249379801
152249380050
152249380281
152249380470
152249380614
152249380751
152249380888
152377734394
152377735078
152377735293
152377735439
152377735580
152377735718
152377735864
152443347078
152443347331
152443347574
152443347753
152443347898
152443348034
152443348171
152788504292
152788504545
152788504762
152788504911
152788505052
152788505188
152788505323
153034729318
153034729624
153034729802
153034729947
153034730089
153034730226
153034730361
165198298944
165198309270
165198320726
165198331307
165198341650
165198351205
165198361079
178482185104
178482195672
178482206410
178482217290
178482227307
178482235967
178482246418
178611329833
178611330537
178611330796
178611330942
178611331086
178611331224
178611331361
178662874001
178662874254
178662874696
178662874939
178662875085
178662875222
178662875358
178860390434
178860391132
178860391366
178860391515
178860391664
178860391803
178860391940
181197541216
181197541496
181197552904
181197564337
181197575750
181197587211
181197598635
181562641552
181562641809
181562642016
181562642195
181562642340
181562642477
181562642613
183097656429
183097659729
183097671081
183097676282
183097676424
183097676564
183097680789
183169035676
183169035923
183169036372
183169036598
183169036742
183169036881
183169037017
183645348198
183645348456
183645348664
183645348812
183645348952
183645349094
183645349231
186013228306
186013228568
186013228710
186013228849
186013228988
186013229127
186013240460
186154519949
186154520657
186154520916
186154521059
186154521206
186154521343
186154521480
186514860513
186514860770
186514861048
186514861224
186514861371
186514861510
186514861651
186567469641
186567469887
186567470335
186567470565
186567470711
186567470849
186567470985
200419429110
200419439113
200419449599
200419461156
200419471512
200419480991
200419490043
214676879771
214676890308
214676900856
214676910757
214676920658
214676930010
214676940550
214743463582
214743463838
214743464280
214743464534
214743464682
214743464822
214743464959
215002370476
215002370839
215002371447
215002371692
215002371835
215002371975
215002372110
215154549499
215154550310
215154550547
215154550735
215154550879
215154551019
215154551154
215629050581
215629051135
215629051401
215629051591
215629051743
215629051886
215629052023
215696147834
215696148091
215696148537
215696148783
215696148940
215696149080
215696149216
215774045658
215774045909
215774046355
215774046599
215774046755
215774046895
215774047032
215830659471
215830659718
215830660166
215830660422
215830660568
215830660706
215830660842
215908584550
215908584801
215908585427
215908585666
215908585830
215908585968
215908586104
215975848661
215975849169
215975849433
215975849617
215975849761
215975849903
215975850039
228442805593
228442817166
228442826947
228442839523
228442849824
228442858735
228442869868
229818268393
229818268649
229818279121
229818290657
229818300210
229818300357
229818300498
229876501898
229876502247
229876502904
229876503158
229876503305
229876503444
229876503581
244311223708
244311233698
244311245153
244311255924
244311266894
244311276773
244311286327
244393652761
244393653015
244393653426
244393653702
244393653886
244393654030
244393654166
244590688987
244590689756
244590690076
244590690266
244590690411
244590690550
244590690687
244673695061
244673695316
244673695726
244673695987
244673696174
244673696315
244673696451
244894870760
244894871020
244894871462
244894871696
244894871866
244894872007
244894872143
245240156408
245240156663
245240157294
245240157531
245240157693
245240157834
245240157971
245380179365
245380180133
245380180459
245380180656
245380180802
245380180941
245380181077
245463210063
245463210364
245463211033
245463211305
245463211491
245463211632
245463211767
245614768777
245614769542
245614769864
245614770063
245614770209
245614770350
245614770486
245777963641
245777964407
245777964727
245777964926
245777965072
245777965214
245777965350
245941078545
245941079317
245941079624
245941079841
245941079986
245941080126
245941080262
246024421269
246024421571
246024422243
246024422518
246024422704
246024422844
246024422981
246176409685
246176410445
246176410779
246176410969
246176411115
246176411255
246176411392
246340703899
246340704671
246340704976
246340705190
246340705337
246340705477
246340705614
246424213052
246424213347
246424214019
246424214310
246424214483
246424214624
246424214761
246507495320
246507495572
246507496048
246507496297
246507496453
246507496595
246507496732
246684014504
246684014759
246684014900
246684015136
246684015280
246684015423
246684015561
247214915202
247214915640
247214916280
247214916525
247214916669
247214916811
247214916949
247355743434
247355744200
247355744523
247355744735
247355744881
247355745021
247355745157
247439317247
247439317503
247439317968
247439318218
247439318381
247439318528
247439318667
247730034263
247730034509
247730034740
247730034906
247730035052
247730035194
247730035330
247813635125
247813635437
247813636114
247813636402
247813636574
247813636716
247813636852
248925660777
248925661039
248925668395
248925679877
248925691416
248925694089
248925694230
248997721791
248997722508
248997722846
248997723056
248997723204
248997723349
248997723485
249081655980
249081656235
249081656699
249081656941
249081657108
249081657252
249081657388
249234637541
249234638316
249234638637
249234638837
249234638984
249234639129
249234639267
249756939100
249756940075
249756942221
249756943243
249756943493
249756943635
249756943772
249968056016
249968056792
249968057111
249968057308
249968057454
249968057594
249968057731
250040743774
250040744075
250040744756
250040745033
250040745218
250040745362
250040745507
250124833677
250124833981
250124834663
250124834940
250124835120
250124835263
250124835407
250185995425
250185995673
250185996093
250185996372
250185996560
250185996700
250185996837
250270082055
250270082355
250270083036
250270083317
250270083502
250270083642
250270083778
250354957561
250354957862
250354958545
250354958833
250354959024
250354959165
250354959303
250439166368
250439166662
250439167345
250439167630
250439167818
250439167959
250439168096
250673966278
250673967068
250673967400
250673967604
250673967752
250673967893
250673968029
250757986610
250757986910
250757987591
250757987873
250757988057
250757988200
250757988337
250842200213
250842200515
250842201201
250842201484
250842201672
250842201812
250842201949
251007451424
251007452204
251007452530
251007452734
251007452879
251007453019
251007453156
251998120853
251998121110
251998121254
251998132696
251998144181
251998155670
251998156042
252477371805
252477372052
252477372194
252477372333
252477372489
252477372632
252477372767
252719410756
252719411116
252719411786
252719412027
252719412189
252719412330
252719412465
252885383203
252885383988
252885384299
252885384515
252885384660
252885384801
252885384938
253155981351
253155981648
253155982343
253155982565
253155982746
253155982891
253155983026
253229265855
253229266583
253229266928
253229267143
253229267290
253229267436
253229267574
253314018789
253314019036
253314019503
253314019775
253314019942
253314020082
253314020220
253398706989
253398707287
253398707968
253398708261
253398708449
253398708592
253398708728
253483535253
253483535580
253483536294
253483536532
253483536720
253483536862
253483536998
253556842870
253556843191
253556843901
253556844151
253556844324
253556844464
253556844602
253799690971
253799691324
253799691988
253799692233
253799692405
253799692549
253799692686
253884683579
253884683890
253884684568
253884684859
253884685050
253884685190
253884685327
253969393762
253969394058
253969394740
253969395034
253969395230
253969395370
253969395506
254135810676
254135811458
254135811781
254135812011
254135812160
254135812301
254135812439
254279003583
254279003879
254279004566
254279004867
254279005054
254279005195
254279005331
254364084299
254364084596
254364085277
254364085572
254364085758
254364085907
254364086044
254520313354
254520314134
254520314453
254520314674
254520314820
254520314959
254520315095
254686955829
254686956620
254686956961
254686957163
254686957309
254686957449
254686957585
254772050289
254772050590
254772051266
254772051564
254772051750
254772051896
254772052036
254857180553
254857180852
254857181532
254857181832
254857182024
254857182164
254857182301
256316623261
256316623520
256316623663
256316623803
256316623943
256316624083
256316624221
256378326915
256378327211
256378327875
256378328191
256378328389
256378328529
256378328664
256452976122
256452976419
256452977082
256452977399
256452977598
256452977738
256452977875
256538328674
256538328966
256538329631
256538329959
256538330157
256538330301
256538330436
256623620118
256623620397
256623621069
256623621373
256623621587
256623621733
256623621869
257446750584
257446750837
257446752988
257446754238
257446754657
257446754805
257446754942
257650167087
257650167910
257650168264
257650168501
257650168647
257650168787
257650168923
257735961099
257735961353
257735961762
257735962065
257735962257
257735962398
257735962534
273249175015
273249185653
273249196139
273249207000
273249217303
273249228802
273249238915
273409249773
273409250190
273409250884
273409251157
273409251300
273409251446
273409251583
274342587512
274342588754
274342590636
274342591675
274342592341
274342592488
274342592626
274430722578
274430722867
274430723243
274430723853
274430724087
274430724232
274430724369
274567407500
274567407777
274567408148
274567408781
274567409003
274567409156
274567409296
274655714705
274655714991
274655715366
274655715994
274655716208
274655716355
274655716492
275012644140
275012644414
275012644587
275012644807
275012644954
275012645095
275012645232
275089153036
275089153420
275089154142
275089154406
275089154553
275089154699
275089154835
275177771082
275177771372
275177771748
275177772375
275177772600
275177772744
275177772880
275266354296
275266354591
275266355217
275266355578
275266355792
275266355936
275266356073
276007735077
276007735400
276007738033
276007739386
276007740205
276007740354
276007740492
276804631199
276804632443
276804634327
276804635525
276804636133
276804636280
276804636418
276893370407
276893370675
276893371302
276893371672
276893371887
276893372031
276893372167
276970688156
276970688410
276970688551
276970689112
276970689337
276970689482
276970689619
277047323978
277047324258
277047324628
277047325259
277047325491
277047325641
277047325779
277221408670
277221409085
277221409790
277221410059
277221410206
277221410354
277221410491
277978008809
277978009947
277978012089
277978012978
277978013461
277978013604
277978013741
296194353778
296194364488
296194375122
296194385496
296194395884
296194406723
296194418237
296335803167
296335803553
296335804309
296335804570
296335804734
296335804876
296335805025
296402516648
296402516930
296402517272
296402517916
296402518174
296402518320
296402518458
296481666152
296481666406
296481666548
296481667161
296481667454
296481667602
296481667744
296573036224
296573036501
296573036841
296573037490
296573037749
296573037898
296573038037
296664793842
296664794127
296664794469
296664795120
296664795364
296664795521
296664795660
320401789034
320401799668
320401809782
320401821294
320401831601
320401841361
320401851510
320496516376
320496516632
320496516773
320496517308
320496517557
320496517724
320496517863
320591856414
320591856694
320591857040
320591857676
320591857928
320591858094
320591858232
320687232813
320687233110
320687233458
320687234095
320687234363
320687234511
320687234650
320874168452
320874168841
320874169599
320874169879
320874170035
320874170181
320874170319
320969594530
320969594826
320969595172
320969595815
320969596066
320969596230
320969596370
321064730258
321064730507
321064730649
321064731183
321064731432
321064731597
321064731738
321160156593
321160156879
321160157225
321160157864
321160158120
321160158281
321160158425
359789795969
359789807633
359789818939
359789828966
359789839601
359789850676
359789861317
359862769330
359862769627
359862769895
359862770640
359862770913
359862771082
359862771222
363191001135
363191001398
363191001541
363191009916
363191021398
363191032887
363191044368
363487290891
363487291265
363487292030
363487292316
363487292484
363487292627
363487292767
363923727660
363923727914
363923728056
363923728193
363923728451
363923728596
363923728737
364025259977
364025260260
364025260524
364025261269
364025261524
364025261702
364025261841
364126900285
364126900571
364126900838
364126901587
364126901823
364126902016
364126902154
364214723352
364214723606
364214723877
364214724673
364214724912
364214725108
364214725249
364316392876
364316393128
364316393268
364316393783
364316394020
364316394215
364316394356
364417988064
364417988316
364417988457
364417988967
364417989204
364417989396
364417989542
382599450810
382599462463
382599473086
382599482672
382599494196
382599505680
382599516548
382689269086
382689269370
382689269660
382689270377
382689270658
382689270862
382689271004
382893608599
382893608982
382893609685
382893609977
382893610243
382893610388
382893610531
382997827107
382997827364
382997827506
382997827982
382997828260
382997828472
382997828615
383073672958
383073673209
383073673349
383073673822
383073674083
383073674310
383073674454
410351548945
410351560635
410351572122
410351582764
410351592836
410351603965
410351613521
410562486297
410562486691
410562487410
410562487713
410562487983
410562488129
410562488273
410759605978
410759606234
410759606527
410759607271
410759607559
410759607764
410759607910
410867654464
410867654757
410867655031
410867655771
410867656058
410867656262
410867656407
411518996708
411518998245
411519000564
411519001710
411519002746
411519003245
411519003386
411597642324
411597642585
411597642880
411597643619
411597643906
411597644111
411597644257
411705635910
411705636165
411705636306
411705636809
411705637068
411705637296
411705637439
430526414361
430526426026
430526437407
430526447853
430526458339
430526467897
430526478411
430636443395
430636443651
430636443929
430636444667
430636444947
430636445190
430636445334
431248395536
431248395785
431248395926
431248396065
431248396339
431248396480
431248396627
431343825493
431343825746
431343825891
431343826389
431343826654
431343826900
431343827044
431454669207
431454669462
431454669742
431454670483
431454670775
431454671019
431454671162
431565496979
431565497230
431565497508
431565498251
431565498539
431565498783
431565498928
431767620909
431767621305
431767622047
431767622380
431767622667
431767622814
431767622954
431984886650
431984887057
431984887792
431984888112
431984888417
431984888564
431984888709
432095950814
432095951070
432095951350
432095952094
432095952385
432095952619
432095952771
432298072536
432298072893
432298073657
432298073957
432298074245
432298074391
432298074534
